TN:
SF:src/OrsDirections.js
FN:9,OrsDirections
FN:28,clear
FN:34,clearPoints
FN:38,addWaypoint
FN:45,getBody
FN:73,calculate
FN:87,(anonymous_26)
FN:108,(anonymous_27)
FNF:8
FNH:8
FNDA:3,OrsDirections
FNDA:1,clear
FNDA:2,clearPoints
FNDA:6,addWaypoint
FNDA:4,getBody
FNDA:4,calculate
FNDA:4,(anonymous_26)
FNDA:4,(anonymous_27)
DA:1,1
DA:2,1
DA:3,1
DA:4,1
DA:6,1
DA:9,3
DA:10,3
DA:11,3
DA:12,3
DA:13,2
DA:16,1
DA:17,1
DA:20,2
DA:21,1
DA:23,2
DA:24,1
DA:29,1
DA:30,1
DA:35,2
DA:39,6
DA:40,2
DA:42,6
DA:46,4
DA:47,0
DA:52,4
DA:53,0
DA:54,0
DA:57,4
DA:58,0
DA:59,0
DA:62,0
DA:65,4
DA:66,2
DA:67,2
DA:68,2
DA:70,4
DA:75,4
DA:76,4
DA:77,0
DA:78,0
DA:80,4
DA:81,4
DA:82,3
DA:84,4
DA:86,4
DA:87,4
DA:88,4
DA:90,4
DA:91,2
DA:93,4
DA:94,4
DA:96,4
DA:97,4
DA:98,4
DA:105,4
DA:106,0
DA:108,4
DA:109,4
DA:111,0
DA:112,0
DA:113,4
DA:114,4
DA:121,1
LF:63
LH:52
BRDA:12,0,0,2
BRDA:12,0,1,1
BRDA:20,1,0,1
BRDA:20,1,1,1
BRDA:23,2,0,1
BRDA:23,2,1,1
BRDA:30,3,0,0
BRDA:30,3,1,1
BRDA:35,4,0,1
BRDA:35,4,1,1
BRDA:39,5,0,2
BRDA:39,5,1,4
BRDA:46,6,0,0
BRDA:46,6,1,4
BRDA:46,7,0,4
BRDA:46,7,1,0
BRDA:52,8,0,0
BRDA:52,8,1,4
BRDA:52,9,0,4
BRDA:52,9,1,4
BRDA:52,9,2,0
BRDA:52,9,3,0
BRDA:53,10,0,0
BRDA:53,10,1,0
BRDA:57,11,0,0
BRDA:57,11,1,4
BRDA:58,12,0,0
BRDA:58,12,1,0
BRDA:65,13,0,2
BRDA:65,13,1,2
BRDA:66,14,0,2
BRDA:66,14,1,2
BRDA:76,15,0,0
BRDA:76,15,1,4
BRDA:81,16,0,3
BRDA:81,16,1,1
BRDA:88,17,0,4
BRDA:88,17,1,4
BRDA:90,18,0,2
BRDA:90,18,1,2
BRDA:109,19,0,0
BRDA:109,19,1,4
BRDA:109,20,0,4
BRDA:109,20,1,4
BRDA:113,21,0,4
BRDA:113,21,1,0
BRDA:114,22,0,4
BRDA:114,22,1,0
BRF:48
BRH:33
end_of_record
TN:
SF:src/OrsElevation.js
FN:9,OrsElevation
FN:20,clear
FN:26,generatePayload
FN:37,elevationPromise
FN:40,(anonymous_9)
FN:56,(anonymous_10)
FN:68,lineElevation
FN:83,pointElevation
FNF:8
FNH:8
FNDA:3,OrsElevation
FNDA:1,clear
FNDA:2,generatePayload
FNDA:2,elevationPromise
FNDA:2,(anonymous_9)
FNDA:2,(anonymous_10)
FNDA:1,lineElevation
FNDA:1,pointElevation
DA:1,1
DA:2,1
DA:3,1
DA:4,1
DA:6,1
DA:9,3
DA:10,3
DA:11,3
DA:12,2
DA:15,1
DA:16,1
DA:21,1
DA:22,1
DA:27,2
DA:29,2
DA:30,10
DA:31,6
DA:34,2
DA:38,2
DA:40,2
DA:41,2
DA:43,2
DA:45,2
DA:46,2
DA:47,2
DA:53,2
DA:54,0
DA:56,2
DA:57,2
DA:59,0
DA:60,0
DA:61,2
DA:62,2
DA:69,1
DA:70,1
DA:71,0
DA:72,0
DA:74,1
DA:76,1
DA:77,1
DA:79,1
DA:80,1
DA:85,1
DA:86,1
DA:87,0
DA:88,0
DA:91,1
DA:93,1
DA:94,1
DA:97,1
DA:98,1
DA:102,1
LF:52
LH:45
BRDA:11,0,0,2
BRDA:11,0,1,1
BRDA:22,1,0,0
BRDA:22,1,1,1
BRDA:30,2,0,6
BRDA:30,2,1,4
BRDA:41,3,0,2
BRDA:41,3,1,2
BRDA:57,4,0,0
BRDA:57,4,1,2
BRDA:57,5,0,2
BRDA:57,5,1,2
BRDA:61,6,0,2
BRDA:61,6,1,0
BRDA:62,7,0,2
BRDA:62,7,1,0
BRDA:70,8,0,0
BRDA:70,8,1,1
BRDA:76,9,0,1
BRDA:76,9,1,0
BRDA:76,10,0,1
BRDA:76,10,1,1
BRDA:86,11,0,0
BRDA:86,11,1,1
BRDA:93,12,0,1
BRDA:93,12,1,0
BRDA:93,13,0,1
BRDA:93,13,1,1
BRF:28
BRH:20
end_of_record
TN:
SF:src/OrsGeocode.js
FN:9,OrsGeocode
FN:26,api_key
FN:29,text
FN:32,focus_point
FN:38,boundary_bbox
FN:47,point
FN:55,boundary_circle
FN:63,sources
FN:75,layers
FN:87,boundary_country
FN:90,size
FN:93,address
FN:96,neighbourhood
FN:99,borough
FN:102,locality
FN:105,county
FN:108,region
FN:111,postalcode
FN:114,country
FN:120,clear
FN:126,getParametersAsQueryString
FN:137,geocodePromise
FN:139,(anonymous_27)
FN:153,(anonymous_28)
FN:165,geocode
FN:181,reverseGeocode
FN:197,structuredGeocode
FNF:27
FNH:26
FNDA:4,OrsGeocode
FNDA:8,api_key
FNDA:5,text
FNDA:2,focus_point
FNDA:1,boundary_bbox
FNDA:3,point
FNDA:1,boundary_circle
FNDA:2,sources
FNDA:2,layers
FNDA:1,boundary_country
FNDA:3,size
FNDA:1,address
FNDA:1,neighbourhood
FNDA:1,borough
FNDA:1,locality
FNDA:1,county
FNDA:1,region
FNDA:1,postalcode
FNDA:2,country
FNDA:6,clear
FNDA:8,getParametersAsQueryString
FNDA:8,geocodePromise
FNDA:8,(anonymous_27)
FNDA:8,(anonymous_28)
FNDA:6,geocode
FNDA:2,reverseGeocode
FNDA:0,structuredGeocode
DA:1,1
DA:2,1
DA:3,1
DA:4,1
DA:6,1
DA:9,4
DA:10,4
DA:11,4
DA:12,3
DA:15,1
DA:16,1
DA:18,3
DA:19,2
DA:21,3
DA:22,2
DA:25,3
DA:27,8
DA:30,5
DA:33,2
DA:34,2
DA:35,2
DA:36,2
DA:39,1
DA:40,1
DA:41,1
DA:42,1
DA:43,1
DA:45,1
DA:48,3
DA:49,3
DA:50,3
DA:51,3
DA:52,3
DA:56,1
DA:57,1
DA:58,1
DA:59,1
DA:61,1
DA:64,2
DA:65,2
DA:66,2
DA:67,4
DA:68,2
DA:70,4
DA:72,2
DA:76,2
DA:77,2
DA:78,2
DA:79,22
DA:80,20
DA:82,22
DA:83,22
DA:85,2
DA:88,1
DA:91,3
DA:94,1
DA:97,1
DA:100,1
DA:103,1
DA:106,1
DA:109,1
DA:112,1
DA:115,2
DA:121,6
DA:122,34
DA:127,8
DA:128,8
DA:129,53
DA:130,53
DA:131,37
DA:134,8
DA:138,8
DA:139,8
DA:140,8
DA:143,8
DA:146,8
DA:148,8
DA:150,8
DA:151,0
DA:153,8
DA:154,8
DA:156,2
DA:157,2
DA:158,6
DA:159,6
DA:167,6
DA:168,6
DA:169,0
DA:170,0
DA:172,6
DA:174,6
DA:175,4
DA:177,6
DA:178,6
DA:183,2
DA:184,2
DA:185,0
DA:186,0
DA:188,2
DA:190,2
DA:191,1
DA:193,2
DA:194,2
DA:198,0
DA:200,0
DA:201,0
DA:203,0
DA:204,0
DA:208,1
LF:109
LH:99
BRDA:11,0,0,3
BRDA:11,0,1,1
BRDA:18,1,0,2
BRDA:18,1,1,1
BRDA:21,2,0,2
BRDA:21,2,1,1
BRDA:48,3,0,3
BRDA:48,3,1,0
BRDA:48,4,0,3
BRDA:48,4,1,3
BRDA:65,5,0,2
BRDA:65,5,1,0
BRDA:67,6,0,2
BRDA:67,6,1,2
BRDA:79,7,0,20
BRDA:79,7,1,2
BRDA:122,8,0,28
BRDA:122,8,1,6
BRDA:130,9,0,37
BRDA:130,9,1,16
BRDA:140,10,0,8
BRDA:140,10,1,8
BRDA:154,11,0,2
BRDA:154,11,1,6
BRDA:154,12,0,8
BRDA:154,12,1,6
BRDA:158,13,0,6
BRDA:158,13,1,0
BRDA:159,14,0,6
BRDA:159,14,1,0
BRDA:168,15,0,0
BRDA:168,15,1,6
BRDA:174,16,0,4
BRDA:174,16,1,2
BRDA:174,17,0,6
BRDA:174,17,1,4
BRDA:184,18,0,0
BRDA:184,18,1,2
BRDA:190,19,0,1
BRDA:190,19,1,1
BRDA:190,20,0,2
BRDA:190,20,1,1
BRDA:200,21,0,0
BRDA:200,21,1,0
BRDA:200,22,0,0
BRDA:200,22,1,0
BRF:46
BRH:36
end_of_record
TN:
SF:src/OrsInput.js
FN:2,OrsInput
FN:6,round
FN:11,setCoord
FNF:3
FNH:3
FNDA:6,OrsInput
FNDA:12,round
FNDA:6,setCoord
DA:2,6
DA:3,6
DA:7,12
DA:8,12
DA:12,6
DA:16,1
LF:6
LH:6
BRDA:7,0,0,12
BRDA:7,0,1,0
BRF:2
BRH:1
end_of_record
TN:
SF:src/OrsIsochrones.js
FN:9,OrsIsochrones
FN:28,addLocation
FN:35,getBody
FN:70,calculate
FN:86,(anonymous_21)
FN:109,(anonymous_22)
FNF:6
FNH:6
FNDA:4,OrsIsochrones
FNDA:1,addLocation
FNDA:3,getBody
FNDA:3,calculate
FNDA:3,(anonymous_21)
FNDA:3,(anonymous_22)
DA:1,1
DA:2,1
DA:3,1
DA:4,1
DA:6,1
DA:9,4
DA:10,4
DA:11,4
DA:12,4
DA:13,3
DA:16,1
DA:17,1
DA:20,3
DA:21,1
DA:23,3
DA:24,1
DA:29,1
DA:30,1
DA:32,1
DA:36,3
DA:38,3
DA:39,0
DA:44,0
DA:46,3
DA:47,1
DA:48,1
DA:51,3
DA:52,1
DA:55,1
DA:58,3
DA:59,1
DA:64,2
DA:72,3
DA:73,3
DA:74,0
DA:75,0
DA:77,3
DA:79,3
DA:80,2
DA:83,3
DA:84,3
DA:86,3
DA:87,3
DA:89,3
DA:91,3
DA:92,3
DA:94,3
DA:95,3
DA:97,3
DA:98,3
DA:100,3
DA:106,3
DA:107,0
DA:109,3
DA:110,3
DA:112,0
DA:113,0
DA:114,3
DA:115,3
DA:120,0
DA:126,1
LF:61
LH:53
BRDA:12,0,0,3
BRDA:12,0,1,1
BRDA:20,1,0,1
BRDA:20,1,1,2
BRDA:23,2,0,1
BRDA:23,2,1,2
BRDA:29,3,0,1
BRDA:29,3,1,0
BRDA:38,4,0,0
BRDA:38,4,1,3
BRDA:46,5,0,1
BRDA:46,5,1,2
BRDA:51,6,0,1
BRDA:51,6,1,2
BRDA:58,7,0,1
BRDA:58,7,1,2
BRDA:73,8,0,0
BRDA:73,8,1,3
BRDA:79,9,0,2
BRDA:79,9,1,1
BRDA:79,10,0,3
BRDA:79,10,1,2
BRDA:87,11,0,3
BRDA:87,11,1,3
BRDA:89,12,0,3
BRDA:89,12,1,0
BRDA:91,13,0,3
BRDA:91,13,1,0
BRDA:110,14,0,0
BRDA:110,14,1,3
BRDA:110,15,0,3
BRDA:110,15,1,3
BRDA:114,16,0,3
BRDA:114,16,1,0
BRDA:115,17,0,3
BRDA:115,17,1,0
BRF:36
BRH:28
end_of_record
TN:
SF:src/OrsMatrix.js
FN:9,OrsMatrix
FN:21,calculate
FN:37,(anonymous_7)
FN:59,(anonymous_8)
FNF:4
FNH:4
FNDA:2,OrsMatrix
FNDA:1,calculate
FNDA:1,(anonymous_7)
FNDA:1,(anonymous_8)
DA:1,1
DA:2,1
DA:3,1
DA:4,1
DA:6,1
DA:9,2
DA:10,2
DA:11,2
DA:12,2
DA:13,1
DA:16,1
DA:17,1
DA:23,1
DA:24,1
DA:25,0
DA:26,0
DA:28,1
DA:30,1
DA:31,1
DA:34,1
DA:35,1
DA:37,1
DA:38,1
DA:41,1
DA:42,1
DA:43,1
DA:45,1
DA:47,1
DA:48,1
DA:50,1
DA:56,1
DA:57,0
DA:59,1
DA:60,1
DA:62,0
DA:63,0
DA:64,1
DA:65,1
DA:70,0
DA:76,1
LF:40
LH:34
BRDA:12,0,0,1
BRDA:12,0,1,1
BRDA:24,1,0,0
BRDA:24,1,1,1
BRDA:30,2,0,1
BRDA:30,2,1,0
BRDA:30,3,0,1
BRDA:30,3,1,1
BRDA:38,4,0,1
BRDA:38,4,1,1
BRDA:41,5,0,1
BRDA:41,5,1,0
BRDA:42,6,0,1
BRDA:42,6,1,0
BRDA:60,7,0,0
BRDA:60,7,1,1
BRDA:60,8,0,1
BRDA:60,8,1,1
BRDA:64,9,0,1
BRDA:64,9,1,0
BRDA:65,10,0,1
BRDA:65,10,1,0
BRF:22
BRH:15
end_of_record
TN:
SF:src/OrsPois.js
FN:9,OrsPois
FN:26,clear
FN:32,generatePayload
FN:49,poisPromise
FN:58,(anonymous_9)
FN:81,(anonymous_10)
FN:93,pois
FNF:7
FNH:6
FNDA:2,OrsPois
FNDA:0,clear
FNDA:1,generatePayload
FNDA:1,poisPromise
FNDA:1,(anonymous_9)
FNDA:1,(anonymous_10)
FNDA:1,pois
DA:1,1
DA:2,1
DA:3,1
DA:4,1
DA:6,1
DA:9,2
DA:10,2
DA:11,2
DA:12,1
DA:15,1
DA:16,1
DA:18,1
DA:19,0
DA:21,1
DA:22,0
DA:27,0
DA:28,0
DA:33,1
DA:35,1
DA:36,4
DA:43,2
DA:46,1
DA:51,1
DA:52,1
DA:55,1
DA:57,1
DA:58,1
DA:59,1
DA:61,1
DA:63,1
DA:65,1
DA:66,1
DA:69,1
DA:70,1
DA:72,1
DA:78,1
DA:79,0
DA:81,1
DA:82,1
DA:84,0
DA:85,0
DA:86,1
DA:87,1
DA:95,1
DA:96,1
DA:97,0
DA:98,0
DA:100,1
DA:101,1
DA:103,1
DA:107,1
LF:51
LH:42
BRDA:11,0,0,1
BRDA:11,0,1,1
BRDA:18,1,0,0
BRDA:18,1,1,1
BRDA:21,2,0,0
BRDA:21,2,1,1
BRDA:28,3,0,0
BRDA:28,3,1,0
BRDA:36,4,0,2
BRDA:36,4,1,2
BRDA:38,5,0,4
BRDA:38,5,1,3
BRDA:38,5,2,2
BRDA:51,6,0,1
BRDA:51,6,1,0
BRDA:55,7,0,1
BRDA:55,7,1,1
BRDA:59,8,0,1
BRDA:59,8,1,1
BRDA:63,9,0,0
BRDA:63,9,1,1
BRDA:65,10,0,1
BRDA:65,10,1,0
BRDA:82,11,0,0
BRDA:82,11,1,1
BRDA:82,12,0,1
BRDA:82,12,1,1
BRDA:86,13,0,1
BRDA:86,13,1,0
BRDA:87,14,0,1
BRDA:87,14,1,0
BRDA:96,15,0,0
BRDA:96,15,1,1
BRF:33
BRH:22
end_of_record
TN:
SF:src/OrsUtil.js
FN:3,copyProperties
FN:15,prepareMeta
FN:27,prepareRequest
FN:43,prepareUrl
FN:96,setRequestDefaults
FNF:5
FNH:5
FNDA:19,copyProperties
FNDA:6,prepareMeta
FNDA:8,prepareRequest
FNDA:19,prepareUrl
FNDA:19,setRequestDefaults
DA:1,1
DA:4,19
DA:6,19
DA:8,77
DA:9,77
DA:12,19
DA:16,6
DA:28,8
DA:29,8
DA:30,8
DA:31,8
DA:32,8
DA:33,8
DA:34,8
DA:35,8
DA:36,8
DA:50,19
DA:51,0
DA:52,0
DA:58,19
DA:59,19
DA:67,19
DA:68,19
DA:69,19
DA:70,76
DA:71,39
DA:72,31
DA:74,39
DA:76,76
DA:80,19
DA:81,19
DA:84,19
DA:85,0
DA:87,19
DA:96,19
DA:97,19
DA:99,0
DA:101,19
DA:103,0
DA:105,19
DA:106,14
DA:108,19
DA:109,8
DA:110,8
DA:112,8
DA:113,0
DA:119,1
LF:47
LH:41
BRDA:4,0,0,0
BRDA:4,0,1,19
BRDA:8,1,0,77
BRDA:8,1,1,0
BRDA:8,2,0,77
BRDA:8,2,1,77
BRDA:50,3,0,0
BRDA:50,3,1,19
BRDA:50,4,0,19
BRDA:50,4,1,19
BRDA:70,5,0,39
BRDA:70,5,1,37
BRDA:71,6,0,31
BRDA:71,6,1,8
BRDA:71,7,0,39
BRDA:71,7,1,31
BRDA:84,8,0,0
BRDA:84,8,1,19
BRDA:96,9,0,8
BRDA:96,9,1,11
BRDA:96,10,0,19
BRDA:96,10,1,8
BRDA:97,11,0,0
BRDA:97,11,1,19
BRDA:101,12,0,0
BRDA:101,12,1,19
BRDA:105,13,0,14
BRDA:105,13,1,5
BRDA:108,14,0,8
BRDA:108,14,1,11
BRDA:109,15,0,8
BRDA:109,15,1,0
BRDA:112,16,0,0
BRDA:112,16,1,8
BRF:34
BRH:26
end_of_record
TN:
SF:src/constants.js
FNF:0
FNH:0
DA:1,1
DA:21,1
LF:2
LH:2
BRF:0
BRH:0
end_of_record
