TN:
SF:spec/OrsDirectionsSpec.js
FN:6,(anonymous_1)
FN:7,(anonymous_2)
FN:9,(anonymous_3)
FN:21,(anonymous_4)
FN:22,(anonymous_5)
FN:32,(anonymous_6)
FN:38,(anonymous_7)
FN:43,(anonymous_8)
FN:61,(anonymous_9)
FN:67,(anonymous_10)
FN:72,(anonymous_11)
FN:86,(anonymous_12)
FN:97,(anonymous_13)
FN:108,(anonymous_14)
FN:117,(anonymous_15)
FN:121,(anonymous_16)
FNF:16
FNH:12
FNDA:1,(anonymous_1)
FNDA:1,(anonymous_2)
FNDA:1,(anonymous_3)
FNDA:1,(anonymous_4)
FNDA:1,(anonymous_5)
FNDA:1,(anonymous_6)
FNDA:0,(anonymous_7)
FNDA:1,(anonymous_8)
FNDA:1,(anonymous_9)
FNDA:0,(anonymous_10)
FNDA:1,(anonymous_11)
FNDA:1,(anonymous_12)
FNDA:1,(anonymous_13)
FNDA:1,(anonymous_14)
FNDA:0,(anonymous_15)
FNDA:0,(anonymous_16)
DA:2,1
DA:3,1
DA:4,1
DA:6,1
DA:7,1
DA:8,1
DA:9,1
DA:10,1
DA:12,1
DA:14,0
DA:19,1
DA:21,1
DA:22,1
DA:23,1
DA:24,1
DA:25,1
DA:27,1
DA:33,1
DA:34,1
DA:35,1
DA:36,1
DA:39,0
DA:43,1
DA:44,1
DA:49,1
DA:52,1
DA:56,1
DA:62,1
DA:63,1
DA:64,1
DA:65,1
DA:68,0
DA:72,1
DA:73,1
DA:74,1
DA:75,1
DA:76,1
DA:79,0
DA:80,0
DA:86,1
DA:87,1
DA:88,1
DA:89,1
DA:91,1
DA:98,1
DA:99,1
DA:101,1
DA:109,1
DA:112,1
DA:115,1
DA:118,0
DA:122,0
LF:52
LH:45
BRF:0
BRH:0
end_of_record
TN:
SF:spec/OrsElevationSpec.js
FN:5,(anonymous_1)
FN:6,(anonymous_2)
FN:8,(anonymous_3)
FN:20,(anonymous_4)
FN:21,(anonymous_5)
FN:27,(anonymous_6)
FN:35,(anonymous_7)
FN:40,(anonymous_8)
FN:54,(anonymous_9)
FN:60,(anonymous_10)
FN:68,(anonymous_11)
FNF:11
FNH:9
FNDA:1,(anonymous_1)
FNDA:1,(anonymous_2)
FNDA:1,(anonymous_3)
FNDA:1,(anonymous_4)
FNDA:1,(anonymous_5)
FNDA:1,(anonymous_6)
FNDA:0,(anonymous_7)
FNDA:1,(anonymous_8)
FNDA:1,(anonymous_9)
FNDA:1,(anonymous_10)
FNDA:0,(anonymous_11)
DA:2,1
DA:3,1
DA:5,1
DA:6,1
DA:7,1
DA:8,1
DA:9,1
DA:11,1
DA:13,0
DA:18,1
DA:20,1
DA:21,1
DA:22,1
DA:28,1
DA:29,1
DA:30,1
DA:31,1
DA:32,1
DA:33,1
DA:36,0
DA:40,1
DA:41,1
DA:42,1
DA:43,1
DA:44,1
DA:47,0
DA:48,0
DA:54,1
DA:55,1
DA:61,1
DA:62,1
DA:63,1
DA:64,1
DA:65,1
DA:66,1
DA:69,0
LF:36
LH:31
BRF:0
BRH:0
end_of_record
TN:
SF:spec/OrsGeocodeSpec.js
FN:5,(anonymous_1)
FN:6,(anonymous_2)
FN:8,(anonymous_3)
FN:20,(anonymous_4)
FN:21,(anonymous_5)
FN:41,(anonymous_6)
FN:50,(anonymous_7)
FN:57,(anonymous_8)
FN:77,(anonymous_9)
FN:86,(anonymous_10)
FN:93,(anonymous_11)
FN:104,(anonymous_12)
FN:122,(anonymous_13)
FN:131,(anonymous_14)
FN:137,(anonymous_15)
FN:147,(anonymous_16)
FN:156,(anonymous_17)
FN:163,(anonymous_18)
FN:177,(anonymous_19)
FN:182,(anonymous_20)
FN:188,(anonymous_21)
FN:198,(anonymous_22)
FN:203,(anonymous_23)
FN:211,(anonymous_24)
FN:222,(anonymous_25)
FN:229,(anonymous_26)
FN:234,(anonymous_27)
FN:244,(anonymous_28)
FN:251,(anonymous_29)
FN:256,(anonymous_30)
FNF:30
FNH:22
FNDA:1,(anonymous_1)
FNDA:1,(anonymous_2)
FNDA:1,(anonymous_3)
FNDA:1,(anonymous_4)
FNDA:1,(anonymous_5)
FNDA:1,(anonymous_6)
FNDA:0,(anonymous_7)
FNDA:1,(anonymous_8)
FNDA:1,(anonymous_9)
FNDA:0,(anonymous_10)
FNDA:1,(anonymous_11)
FNDA:1,(anonymous_12)
FNDA:1,(anonymous_13)
FNDA:0,(anonymous_14)
FNDA:1,(anonymous_15)
FNDA:1,(anonymous_16)
FNDA:0,(anonymous_17)
FNDA:1,(anonymous_18)
FNDA:1,(anonymous_19)
FNDA:0,(anonymous_20)
FNDA:1,(anonymous_21)
FNDA:1,(anonymous_22)
FNDA:0,(anonymous_23)
FNDA:1,(anonymous_24)
FNDA:1,(anonymous_25)
FNDA:0,(anonymous_26)
FNDA:1,(anonymous_27)
FNDA:1,(anonymous_28)
FNDA:0,(anonymous_29)
FNDA:1,(anonymous_30)
DA:2,1
DA:3,1
DA:5,1
DA:6,1
DA:7,1
DA:8,1
DA:9,1
DA:11,1
DA:13,0
DA:18,1
DA:20,1
DA:21,1
DA:22,1
DA:23,1
DA:42,1
DA:43,1
DA:44,1
DA:45,1
DA:46,1
DA:47,1
DA:48,1
DA:52,0
DA:53,0
DA:57,1
DA:58,1
DA:59,1
DA:78,1
DA:79,1
DA:80,1
DA:81,1
DA:82,1
DA:83,1
DA:84,1
DA:88,0
DA:89,0
DA:93,1
DA:94,1
DA:95,1
DA:96,1
DA:97,1
DA:100,0
DA:101,0
DA:104,1
DA:105,1
DA:123,1
DA:124,1
DA:125,1
DA:126,1
DA:127,1
DA:128,1
DA:129,1
DA:133,0
DA:134,0
DA:137,1
DA:138,1
DA:139,1
DA:148,1
DA:149,1
DA:150,1
DA:151,1
DA:152,1
DA:153,1
DA:154,1
DA:158,0
DA:159,0
DA:163,1
DA:164,1
DA:165,1
DA:178,1
DA:179,1
DA:180,1
DA:184,0
DA:185,0
DA:188,1
DA:189,1
DA:190,1
DA:199,1
DA:200,1
DA:201,1
DA:205,0
DA:206,0
DA:211,1
DA:213,1
DA:215,1
DA:217,1
DA:222,1
DA:223,1
DA:227,1
DA:230,0
DA:231,0
DA:232,0
DA:235,1
DA:236,1
DA:237,1
DA:240,0
DA:244,1
DA:245,1
DA:249,1
DA:252,0
DA:253,0
DA:254,0
DA:257,1
DA:258,1
DA:259,1
DA:262,0
LF:105
LH:82
BRF:0
BRH:0
end_of_record
TN:
SF:spec/OrsIsochronesSpec.js
FN:5,(anonymous_1)
FN:6,(anonymous_2)
FN:8,(anonymous_3)
FN:20,(anonymous_4)
FN:21,(anonymous_5)
FN:32,(anonymous_6)
FN:43,(anonymous_7)
FN:47,(anonymous_8)
FN:61,(anonymous_9)
FN:72,(anonymous_10)
FN:77,(anonymous_11)
FN:101,(anonymous_12)
FN:112,(anonymous_13)
FNF:13
FNH:10
FNDA:1,(anonymous_1)
FNDA:1,(anonymous_2)
FNDA:1,(anonymous_3)
FNDA:1,(anonymous_4)
FNDA:1,(anonymous_5)
FNDA:1,(anonymous_6)
FNDA:0,(anonymous_7)
FNDA:1,(anonymous_8)
FNDA:1,(anonymous_9)
FNDA:0,(anonymous_10)
FNDA:1,(anonymous_11)
FNDA:1,(anonymous_12)
FNDA:0,(anonymous_13)
DA:2,1
DA:3,1
DA:5,1
DA:6,1
DA:7,1
DA:8,1
DA:9,1
DA:11,1
DA:13,0
DA:18,1
DA:20,1
DA:21,1
DA:22,1
DA:23,1
DA:33,1
DA:34,1
DA:35,1
DA:36,1
DA:37,1
DA:38,1
DA:39,1
DA:40,1
DA:41,1
DA:44,0
DA:47,1
DA:48,1
DA:62,1
DA:63,1
DA:64,1
DA:65,1
DA:66,1
DA:67,1
DA:68,1
DA:69,1
DA:70,1
DA:73,0
DA:77,1
DA:78,1
DA:102,1
DA:103,1
DA:104,1
DA:105,1
DA:106,1
DA:107,1
DA:108,1
DA:109,1
DA:110,1
DA:113,0
LF:48
LH:44
BRF:0
BRH:0
end_of_record
TN:
SF:spec/OrsMatrixSpec.js
FN:5,(anonymous_1)
FN:6,(anonymous_2)
FN:8,(anonymous_3)
FN:20,(anonymous_4)
FN:21,(anonymous_5)
FN:33,(anonymous_6)
FN:38,(anonymous_7)
FNF:7
FNH:6
FNDA:1,(anonymous_1)
FNDA:1,(anonymous_2)
FNDA:1,(anonymous_3)
FNDA:1,(anonymous_4)
FNDA:1,(anonymous_5)
FNDA:1,(anonymous_6)
FNDA:0,(anonymous_7)
DA:2,1
DA:3,1
DA:5,1
DA:6,1
DA:7,1
DA:8,1
DA:9,1
DA:11,1
DA:13,0
DA:18,1
DA:20,1
DA:21,1
DA:22,1
DA:34,1
DA:35,1
DA:36,1
DA:39,0
LF:17
LH:15
BRF:0
BRH:0
end_of_record
TN:
SF:spec/OrsOptimizationSpec.js
FN:6,(anonymous_1)
FN:7,(anonymous_2)
FN:9,(anonymous_3)
FNF:3
FNH:3
FNDA:1,(anonymous_1)
FNDA:1,(anonymous_2)
FNDA:1,(anonymous_3)
DA:2,1
DA:3,1
DA:4,1
DA:6,1
DA:7,1
DA:8,1
DA:9,1
DA:10,1
DA:12,1
DA:14,0
DA:19,1
LF:11
LH:10
BRF:0
BRH:0
end_of_record
TN:
SF:spec/OrsPOIsSpec.js
FN:5,(anonymous_1)
FN:6,(anonymous_2)
FN:8,(anonymous_3)
FN:20,(anonymous_4)
FN:21,(anonymous_5)
FN:36,(anonymous_6)
FN:44,(anonymous_7)
FNF:7
FNH:6
FNDA:1,(anonymous_1)
FNDA:1,(anonymous_2)
FNDA:1,(anonymous_3)
FNDA:1,(anonymous_4)
FNDA:1,(anonymous_5)
FNDA:1,(anonymous_6)
FNDA:0,(anonymous_7)
DA:2,1
DA:3,1
DA:5,1
DA:6,1
DA:7,1
DA:8,1
DA:9,1
DA:11,1
DA:13,0
DA:18,1
DA:20,1
DA:21,1
DA:22,1
DA:37,1
DA:38,1
DA:39,1
DA:40,1
DA:41,1
DA:42,1
DA:45,0
LF:20
LH:18
BRF:0
BRH:0
end_of_record
TN:
SF:spec/run.js
FNF:0
FNH:0
DA:10,1
DA:12,1
DA:13,1
DA:18,1
DA:20,1
DA:21,1
DA:24,1
DA:27,1
DA:28,1
DA:29,1
DA:32,0
DA:36,0
LF:12
LH:10
BRDA:20,0,0,1
BRDA:20,0,1,0
BRDA:20,1,0,1
BRDA:20,1,1,1
BRDA:20,1,2,1
BRF:5
BRH:4
end_of_record
TN:
SF:spec/test-env.js
FNF:0
FNH:0
DA:1,1
DA:2,1
LF:2
LH:2
BRDA:1,0,0,1
BRDA:1,0,1,0
BRF:2
BRH:1
end_of_record
TN:
SF:src/OrsDirections.js
FN:9,OrsDirections
FN:29,clear
FN:35,clearPoints
FN:39,addWaypoint
FN:46,getBody
FN:74,calculate
FN:88,(anonymous_16)
FN:109,(anonymous_17)
FNF:8
FNH:8
FNDA:3,OrsDirections
FNDA:1,clear
FNDA:2,clearPoints
FNDA:6,addWaypoint
FNDA:4,getBody
FNDA:4,calculate
FNDA:4,(anonymous_16)
FNDA:4,(anonymous_17)
DA:1,1
DA:2,1
DA:3,1
DA:4,1
DA:6,1
DA:9,3
DA:10,3
DA:11,3
DA:12,3
DA:13,3
DA:14,2
DA:17,1
DA:18,1
DA:21,2
DA:22,1
DA:24,2
DA:25,1
DA:30,1
DA:31,1
DA:36,2
DA:40,6
DA:41,2
DA:43,6
DA:47,4
DA:48,0
DA:53,4
DA:54,0
DA:55,0
DA:58,4
DA:59,0
DA:60,0
DA:63,0
DA:66,4
DA:67,2
DA:68,2
DA:69,2
DA:71,4
DA:76,4
DA:77,4
DA:78,0
DA:79,0
DA:81,4
DA:82,4
DA:83,3
DA:85,4
DA:87,4
DA:88,4
DA:89,4
DA:91,4
DA:92,2
DA:94,4
DA:95,4
DA:97,4
DA:98,4
DA:99,4
DA:106,4
DA:107,0
DA:109,4
DA:110,4
DA:112,0
DA:113,0
DA:114,4
DA:115,4
LF:63
LH:52
BRDA:13,0,0,2
BRDA:13,0,1,1
BRDA:21,1,0,1
BRDA:21,1,1,1
BRDA:24,2,0,1
BRDA:24,2,1,1
BRDA:31,3,0,0
BRDA:31,3,1,1
BRDA:36,4,0,1
BRDA:36,4,1,1
BRDA:40,5,0,2
BRDA:40,5,1,4
BRDA:47,6,0,0
BRDA:47,6,1,4
BRDA:47,7,0,4
BRDA:47,7,1,0
BRDA:53,8,0,0
BRDA:53,8,1,4
BRDA:53,9,0,4
BRDA:53,9,1,4
BRDA:53,9,2,0
BRDA:53,9,3,0
BRDA:54,10,0,0
BRDA:54,10,1,0
BRDA:58,11,0,0
BRDA:58,11,1,4
BRDA:59,12,0,0
BRDA:59,12,1,0
BRDA:66,13,0,2
BRDA:66,13,1,2
BRDA:67,14,0,2
BRDA:67,14,1,2
BRDA:77,15,0,0
BRDA:77,15,1,4
BRDA:82,16,0,3
BRDA:82,16,1,1
BRDA:89,17,0,4
BRDA:89,17,1,4
BRDA:91,18,0,2
BRDA:91,18,1,2
BRDA:110,19,0,0
BRDA:110,19,1,4
BRDA:110,20,0,4
BRDA:110,20,1,4
BRDA:114,21,0,4
BRDA:114,21,1,0
BRDA:115,22,0,4
BRDA:115,22,1,0
BRF:48
BRH:33
end_of_record
TN:
SF:src/OrsElevation.js
FN:9,OrsElevation
FN:20,clear
FN:26,generatePayload
FN:39,elevationPromise
FN:42,(anonymous_10)
FN:58,(anonymous_11)
FN:70,lineElevation
FN:85,pointElevation
FNF:8
FNH:8
FNDA:3,OrsElevation
FNDA:1,clear
FNDA:2,generatePayload
FNDA:2,elevationPromise
FNDA:2,(anonymous_10)
FNDA:2,(anonymous_11)
FNDA:1,lineElevation
FNDA:1,pointElevation
DA:1,1
DA:2,1
DA:3,1
DA:4,1
DA:6,1
DA:9,3
DA:10,3
DA:11,3
DA:12,2
DA:15,1
DA:16,1
DA:21,1
DA:22,5
DA:27,2
DA:29,2
DA:30,10
DA:31,4
DA:33,6
DA:36,2
DA:40,2
DA:42,2
DA:43,2
DA:45,2
DA:47,2
DA:48,2
DA:49,2
DA:55,2
DA:56,0
DA:58,2
DA:59,2
DA:61,0
DA:62,0
DA:63,2
DA:64,2
DA:71,1
DA:72,1
DA:73,0
DA:74,0
DA:76,1
DA:78,1
DA:79,1
DA:81,1
DA:82,1
DA:87,1
DA:88,1
DA:89,0
DA:90,0
DA:93,1
DA:95,1
DA:96,1
DA:99,1
DA:100,1
LF:52
LH:45
BRDA:11,0,0,2
BRDA:11,0,1,1
BRDA:22,1,0,4
BRDA:22,1,1,1
BRDA:30,2,0,4
BRDA:30,2,1,6
BRDA:43,3,0,2
BRDA:43,3,1,2
BRDA:59,4,0,0
BRDA:59,4,1,2
BRDA:59,5,0,2
BRDA:59,5,1,2
BRDA:63,6,0,2
BRDA:63,6,1,0
BRDA:64,7,0,2
BRDA:64,7,1,0
BRDA:72,8,0,0
BRDA:72,8,1,1
BRDA:78,9,0,1
BRDA:78,9,1,0
BRDA:78,10,0,1
BRDA:78,10,1,1
BRDA:88,11,0,0
BRDA:88,11,1,1
BRDA:95,12,0,1
BRDA:95,12,1,0
BRDA:95,13,0,1
BRDA:95,13,1,1
BRF:28
BRH:21
end_of_record
TN:
SF:src/OrsGeocode.js
FN:9,OrsGeocode
FN:26,api_key
FN:29,text
FN:32,focus_point
FN:38,boundary_bbox
FN:47,point
FN:55,boundary_circle
FN:63,sources
FN:75,layers
FN:87,boundary_country
FN:91,size
FN:94,address
FN:97,neighbourhood
FN:100,borough
FN:103,locality
FN:106,county
FN:109,region
FN:112,postalcode
FN:115,country
FN:121,clear
FN:127,getParametersAsQueryString
FN:140,geocodePromise
FN:142,(anonymous_28)
FN:156,(anonymous_29)
FN:168,geocode
FN:184,reverseGeocode
FN:200,structuredGeocode
FNF:27
FNH:26
FNDA:4,OrsGeocode
FNDA:8,api_key
FNDA:5,text
FNDA:2,focus_point
FNDA:1,boundary_bbox
FNDA:3,point
FNDA:1,boundary_circle
FNDA:2,sources
FNDA:2,layers
FNDA:1,boundary_country
FNDA:3,size
FNDA:1,address
FNDA:1,neighbourhood
FNDA:1,borough
FNDA:1,locality
FNDA:1,county
FNDA:1,region
FNDA:1,postalcode
FNDA:2,country
FNDA:6,clear
FNDA:8,getParametersAsQueryString
FNDA:8,geocodePromise
FNDA:8,(anonymous_28)
FNDA:8,(anonymous_29)
FNDA:6,geocode
FNDA:2,reverseGeocode
FNDA:0,structuredGeocode
DA:1,1
DA:2,1
DA:3,1
DA:4,1
DA:6,1
DA:9,4
DA:10,4
DA:11,4
DA:12,3
DA:15,1
DA:16,1
DA:18,3
DA:19,2
DA:21,3
DA:22,2
DA:25,3
DA:27,8
DA:30,5
DA:33,2
DA:34,2
DA:35,2
DA:36,2
DA:39,1
DA:40,1
DA:41,1
DA:42,1
DA:43,1
DA:45,1
DA:48,3
DA:49,3
DA:50,3
DA:51,3
DA:52,3
DA:56,1
DA:57,1
DA:58,1
DA:59,1
DA:61,1
DA:64,2
DA:65,2
DA:66,2
DA:67,4
DA:68,2
DA:70,4
DA:72,2
DA:76,2
DA:77,2
DA:78,2
DA:79,22
DA:80,20
DA:82,22
DA:83,22
DA:85,2
DA:88,1
DA:89,1
DA:92,3
DA:95,1
DA:98,1
DA:101,1
DA:104,1
DA:107,1
DA:110,1
DA:113,1
DA:116,2
DA:122,6
DA:123,31
DA:128,8
DA:129,8
DA:130,53
DA:131,53
DA:132,16
DA:134,37
DA:137,8
DA:141,8
DA:142,8
DA:143,8
DA:146,8
DA:149,8
DA:151,8
DA:153,8
DA:154,0
DA:156,8
DA:157,8
DA:159,2
DA:160,2
DA:161,6
DA:162,6
DA:170,6
DA:171,6
DA:172,0
DA:173,0
DA:175,6
DA:177,6
DA:178,4
DA:180,6
DA:181,6
DA:186,2
DA:187,2
DA:188,0
DA:189,0
DA:191,2
DA:193,2
DA:194,1
DA:196,2
DA:197,2
DA:201,0
DA:203,0
DA:204,0
DA:206,0
DA:207,0
LF:110
LH:100
BRDA:11,0,0,3
BRDA:11,0,1,1
BRDA:18,1,0,2
BRDA:18,1,1,1
BRDA:21,2,0,2
BRDA:21,2,1,1
BRDA:48,3,0,3
BRDA:48,3,1,0
BRDA:48,4,0,3
BRDA:48,4,1,3
BRDA:65,5,0,2
BRDA:65,5,1,0
BRDA:67,6,0,2
BRDA:67,6,1,2
BRDA:79,7,0,20
BRDA:79,7,1,2
BRDA:123,8,0,25
BRDA:123,8,1,6
BRDA:131,9,0,16
BRDA:131,9,1,37
BRDA:143,10,0,8
BRDA:143,10,1,8
BRDA:157,11,0,2
BRDA:157,11,1,6
BRDA:157,12,0,8
BRDA:157,12,1,6
BRDA:161,13,0,6
BRDA:161,13,1,0
BRDA:162,14,0,6
BRDA:162,14,1,0
BRDA:171,15,0,0
BRDA:171,15,1,6
BRDA:177,16,0,4
BRDA:177,16,1,2
BRDA:177,17,0,6
BRDA:177,17,1,4
BRDA:187,18,0,0
BRDA:187,18,1,2
BRDA:193,19,0,1
BRDA:193,19,1,1
BRDA:193,20,0,2
BRDA:193,20,1,1
BRDA:203,21,0,0
BRDA:203,21,1,0
BRDA:203,22,0,0
BRDA:203,22,1,0
BRF:46
BRH:36
end_of_record
TN:
SF:src/OrsInput.js
FN:2,OrsInput
FN:6,round
FN:11,setCoord
FNF:3
FNH:3
FNDA:6,OrsInput
FNDA:12,round
FNDA:6,setCoord
DA:2,6
DA:3,6
DA:7,12
DA:8,12
DA:12,6
LF:5
LH:5
BRDA:7,0,0,12
BRDA:7,0,1,0
BRF:2
BRH:1
end_of_record
TN:
SF:src/OrsIsochrones.js
FN:9,OrsIsochrones
FN:28,addLocation
FN:35,getBody
FN:70,calculate
FN:86,(anonymous_12)
FN:109,(anonymous_13)
FNF:6
FNH:6
FNDA:4,OrsIsochrones
FNDA:1,addLocation
FNDA:3,getBody
FNDA:3,calculate
FNDA:3,(anonymous_12)
FNDA:3,(anonymous_13)
DA:1,1
DA:2,1
DA:3,1
DA:4,1
DA:6,1
DA:9,4
DA:10,4
DA:11,4
DA:12,4
DA:13,3
DA:16,1
DA:17,1
DA:20,3
DA:21,1
DA:23,3
DA:24,1
DA:29,1
DA:30,1
DA:32,1
DA:36,3
DA:38,3
DA:39,0
DA:44,0
DA:46,3
DA:47,1
DA:48,1
DA:51,3
DA:52,1
DA:55,1
DA:58,3
DA:59,1
DA:64,2
DA:72,3
DA:73,3
DA:74,0
DA:75,0
DA:77,3
DA:79,3
DA:80,2
DA:83,3
DA:84,3
DA:86,3
DA:87,3
DA:89,3
DA:91,3
DA:92,3
DA:94,3
DA:95,3
DA:97,3
DA:98,3
DA:100,3
DA:106,3
DA:107,0
DA:109,3
DA:110,3
DA:112,0
DA:113,0
DA:114,3
DA:115,3
DA:120,0
LF:60
LH:52
BRDA:12,0,0,3
BRDA:12,0,1,1
BRDA:20,1,0,1
BRDA:20,1,1,2
BRDA:23,2,0,1
BRDA:23,2,1,2
BRDA:29,3,0,1
BRDA:29,3,1,0
BRDA:38,4,0,0
BRDA:38,4,1,3
BRDA:46,5,0,1
BRDA:46,5,1,2
BRDA:51,6,0,1
BRDA:51,6,1,2
BRDA:58,7,0,1
BRDA:58,7,1,2
BRDA:73,8,0,0
BRDA:73,8,1,3
BRDA:79,9,0,2
BRDA:79,9,1,1
BRDA:79,10,0,3
BRDA:79,10,1,2
BRDA:87,11,0,3
BRDA:87,11,1,3
BRDA:89,12,0,3
BRDA:89,12,1,0
BRDA:91,13,0,3
BRDA:91,13,1,0
BRDA:110,14,0,0
BRDA:110,14,1,3
BRDA:110,15,0,3
BRDA:110,15,1,3
BRDA:114,16,0,3
BRDA:114,16,1,0
BRDA:115,17,0,3
BRDA:115,17,1,0
BRF:36
BRH:28
end_of_record
TN:
SF:src/OrsMatrix.js
FN:9,OrsMatrix
FN:21,calculate
FN:37,(anonymous_8)
FN:59,(anonymous_9)
FNF:4
FNH:4
FNDA:2,OrsMatrix
FNDA:1,calculate
FNDA:1,(anonymous_8)
FNDA:1,(anonymous_9)
DA:1,1
DA:2,1
DA:3,1
DA:4,1
DA:6,1
DA:9,2
DA:10,2
DA:11,2
DA:12,2
DA:13,1
DA:16,1
DA:17,1
DA:23,1
DA:24,1
DA:25,0
DA:26,0
DA:28,1
DA:30,1
DA:31,1
DA:34,1
DA:35,1
DA:37,1
DA:38,1
DA:41,1
DA:42,1
DA:43,1
DA:45,1
DA:47,1
DA:48,1
DA:50,1
DA:56,1
DA:57,0
DA:59,1
DA:60,1
DA:62,0
DA:63,0
DA:64,1
DA:65,1
DA:70,0
LF:39
LH:33
BRDA:12,0,0,1
BRDA:12,0,1,1
BRDA:24,1,0,0
BRDA:24,1,1,1
BRDA:30,2,0,1
BRDA:30,2,1,0
BRDA:30,3,0,1
BRDA:30,3,1,1
BRDA:38,4,0,1
BRDA:38,4,1,1
BRDA:41,5,0,1
BRDA:41,5,1,0
BRDA:42,6,0,1
BRDA:42,6,1,0
BRDA:60,7,0,0
BRDA:60,7,1,1
BRDA:60,8,0,1
BRDA:60,8,1,1
BRDA:64,9,0,1
BRDA:64,9,1,0
BRDA:65,10,0,1
BRDA:65,10,1,0
BRF:22
BRH:15
end_of_record
TN:
SF:src/OrsOptimization.js
FN:9,OrsOptimization
FN:29,clear
FN:35,optimize
FN:49,(anonymous_13)
FN:70,(anonymous_14)
FN:82,clearPoints
FN:86,addWaypoint
FN:93,getBody
FN:121,calculate
FN:135,(anonymous_19)
FN:156,(anonymous_20)
FNF:11
FNH:1
FNDA:2,OrsOptimization
FNDA:0,clear
FNDA:0,optimize
FNDA:0,(anonymous_13)
FNDA:0,(anonymous_14)
FNDA:0,clearPoints
FNDA:0,addWaypoint
FNDA:0,getBody
FNDA:0,calculate
FNDA:0,(anonymous_19)
FNDA:0,(anonymous_20)
DA:1,1
DA:2,1
DA:3,1
DA:4,1
DA:6,1
DA:9,2
DA:10,2
DA:11,2
DA:12,2
DA:13,2
DA:14,1
DA:17,1
DA:18,1
DA:21,1
DA:22,0
DA:24,1
DA:25,0
DA:30,0
DA:31,0
DA:37,0
DA:38,0
DA:39,0
DA:40,0
DA:42,0
DA:43,0
DA:44,0
DA:46,0
DA:48,0
DA:49,0
DA:50,0
DA:52,0
DA:53,0
DA:55,0
DA:56,0
DA:58,0
DA:59,0
DA:60,0
DA:67,0
DA:68,0
DA:70,0
DA:71,0
DA:73,0
DA:74,0
DA:75,0
DA:76,0
DA:83,0
DA:87,0
DA:88,0
DA:90,0
DA:94,0
DA:95,0
DA:100,0
DA:101,0
DA:102,0
DA:105,0
DA:106,0
DA:107,0
DA:110,0
DA:113,0
DA:114,0
DA:115,0
DA:116,0
DA:118,0
DA:123,0
DA:124,0
DA:125,0
DA:126,0
DA:128,0
DA:129,0
DA:130,0
DA:132,0
DA:134,0
DA:135,0
DA:136,0
DA:138,0
DA:139,0
DA:141,0
DA:142,0
DA:144,0
DA:145,0
DA:146,0
DA:153,0
DA:154,0
DA:156,0
DA:157,0
DA:159,0
DA:160,0
DA:161,0
DA:162,0
LF:89
LH:15
BRDA:13,0,0,1
BRDA:13,0,1,1
BRDA:21,1,0,0
BRDA:21,1,1,1
BRDA:24,2,0,0
BRDA:24,2,1,1
BRDA:31,3,0,0
BRDA:31,3,1,0
BRDA:38,4,0,0
BRDA:38,4,1,0
BRDA:43,5,0,0
BRDA:43,5,1,0
BRDA:50,6,0,0
BRDA:50,6,1,0
BRDA:52,7,0,0
BRDA:52,7,1,0
BRDA:71,8,0,0
BRDA:71,8,1,0
BRDA:71,9,0,0
BRDA:71,9,1,0
BRDA:75,10,0,0
BRDA:75,10,1,0
BRDA:76,11,0,0
BRDA:76,11,1,0
BRDA:83,12,0,0
BRDA:83,12,1,0
BRDA:87,13,0,0
BRDA:87,13,1,0
BRDA:94,14,0,0
BRDA:94,14,1,0
BRDA:94,15,0,0
BRDA:94,15,1,0
BRDA:100,16,0,0
BRDA:100,16,1,0
BRDA:100,17,0,0
BRDA:100,17,1,0
BRDA:100,17,2,0
BRDA:100,17,3,0
BRDA:101,18,0,0
BRDA:101,18,1,0
BRDA:105,19,0,0
BRDA:105,19,1,0
BRDA:106,20,0,0
BRDA:106,20,1,0
BRDA:113,21,0,0
BRDA:113,21,1,0
BRDA:114,22,0,0
BRDA:114,22,1,0
BRDA:124,23,0,0
BRDA:124,23,1,0
BRDA:129,24,0,0
BRDA:129,24,1,0
BRDA:136,25,0,0
BRDA:136,25,1,0
BRDA:138,26,0,0
BRDA:138,26,1,0
BRDA:157,27,0,0
BRDA:157,27,1,0
BRDA:157,28,0,0
BRDA:157,28,1,0
BRDA:161,29,0,0
BRDA:161,29,1,0
BRDA:162,30,0,0
BRDA:162,30,1,0
BRF:64
BRH:4
end_of_record
TN:
SF:src/OrsPois.js
FN:9,OrsPois
FN:26,clear
FN:32,generatePayload
FN:49,poisPromise
FN:58,(anonymous_10)
FN:81,(anonymous_11)
FN:93,pois
FNF:7
FNH:6
FNDA:2,OrsPois
FNDA:0,clear
FNDA:1,generatePayload
FNDA:1,poisPromise
FNDA:1,(anonymous_10)
FNDA:1,(anonymous_11)
FNDA:1,pois
DA:1,1
DA:2,1
DA:3,1
DA:4,1
DA:6,1
DA:9,2
DA:10,2
DA:11,2
DA:12,1
DA:15,1
DA:16,1
DA:18,1
DA:19,0
DA:21,1
DA:22,0
DA:27,0
DA:28,0
DA:33,1
DA:35,1
DA:36,4
DA:41,2
DA:43,2
DA:46,1
DA:51,1
DA:52,1
DA:55,1
DA:57,1
DA:58,1
DA:59,1
DA:61,1
DA:63,1
DA:65,1
DA:66,1
DA:69,1
DA:70,1
DA:72,1
DA:78,1
DA:79,0
DA:81,1
DA:82,1
DA:84,0
DA:85,0
DA:86,1
DA:87,1
DA:95,1
DA:96,1
DA:97,0
DA:98,0
DA:100,1
DA:101,1
DA:103,1
LF:51
LH:42
BRDA:11,0,0,1
BRDA:11,0,1,1
BRDA:18,1,0,0
BRDA:18,1,1,1
BRDA:21,2,0,0
BRDA:21,2,1,1
BRDA:28,3,0,0
BRDA:28,3,1,0
BRDA:36,4,0,2
BRDA:36,4,1,2
BRDA:37,5,0,4
BRDA:37,5,1,3
BRDA:37,5,2,2
BRDA:51,6,0,1
BRDA:51,6,1,0
BRDA:55,7,0,1
BRDA:55,7,1,1
BRDA:59,8,0,1
BRDA:59,8,1,1
BRDA:63,9,0,0
BRDA:63,9,1,1
BRDA:65,10,0,1
BRDA:65,10,1,0
BRDA:82,11,0,0
BRDA:82,11,1,1
BRDA:82,12,0,1
BRDA:82,12,1,1
BRDA:86,13,0,1
BRDA:86,13,1,0
BRDA:87,14,0,1
BRDA:87,14,1,0
BRDA:96,15,0,0
BRDA:96,15,1,1
BRF:33
BRH:22
end_of_record
TN:
SF:src/OrsUtil.js
FN:3,copyProperties
FN:15,prepareMeta
FN:27,prepareRequest
FN:43,prepareUrl
FN:99,setRequestDefaults
FNF:5
FNH:5
FNDA:19,copyProperties
FNDA:6,prepareMeta
FNDA:8,prepareRequest
FNDA:19,prepareUrl
FNDA:19,setRequestDefaults
DA:1,1
DA:4,19
DA:6,19
DA:8,77
DA:9,77
DA:12,19
DA:16,6
DA:28,8
DA:29,8
DA:30,8
DA:31,8
DA:32,8
DA:33,8
DA:34,8
DA:35,8
DA:36,8
DA:44,19
DA:47,19
DA:53,19
DA:54,0
DA:55,0
DA:61,19
DA:62,19
DA:70,19
DA:71,19
DA:72,19
DA:73,76
DA:74,39
DA:75,31
DA:77,39
DA:79,76
DA:83,19
DA:84,19
DA:87,19
DA:88,0
DA:90,19
DA:99,19
DA:100,19
DA:102,0
DA:104,19
DA:106,0
DA:108,19
DA:109,14
DA:111,19
DA:112,8
DA:113,8
DA:115,8
DA:116,0
LF:48
LH:42
BRDA:4,0,0,0
BRDA:4,0,1,19
BRDA:8,1,0,77
BRDA:8,1,1,0
BRDA:8,2,0,77
BRDA:8,2,1,77
BRDA:53,3,0,0
BRDA:53,3,1,19
BRDA:53,4,0,19
BRDA:53,4,1,19
BRDA:73,5,0,39
BRDA:73,5,1,37
BRDA:74,6,0,31
BRDA:74,6,1,8
BRDA:74,7,0,39
BRDA:74,7,1,31
BRDA:87,8,0,0
BRDA:87,8,1,19
BRDA:99,9,0,8
BRDA:99,9,1,11
BRDA:99,10,0,19
BRDA:99,10,1,8
BRDA:100,11,0,0
BRDA:100,11,1,19
BRDA:104,12,0,0
BRDA:104,12,1,19
BRDA:108,13,0,14
BRDA:108,13,1,5
BRDA:111,14,0,8
BRDA:111,14,1,11
BRDA:112,15,0,8
BRDA:112,15,1,0
BRDA:115,16,0,0
BRDA:115,16,1,8
BRF:34
BRH:26
end_of_record
TN:
SF:src/constants.js
FNF:0
FNH:0
DA:1,1
LF:1
LH:1
BRF:0
BRH:0
end_of_record
